<?xml version="1.0" encoding="UTF-8"?>
<testng-results ignored="0" total="3" passed="3" failed="0" skipped="0">
  <reporter-output>
  </reporter-output>
  <suite started-at="2022-08-24T19:47:52 EDT" name="RetryFailedTests" finished-at="2022-08-24T19:47:55 EDT" duration-ms="2601">
    <groups>
    </groups>
    <test started-at="2022-08-24T19:47:52 EDT" name="RetryMulitple" finished-at="2022-08-24T19:47:55 EDT" duration-ms="2601">
      <class name="testPackage.testLogin">
        <test-method signature="test1()[pri:0, instance:testPackage.testLogin@72d1ad2e]" started-at="2022-08-24T19:47:52 EDT" name="test1" finished-at="2022-08-24T19:47:52 EDT" duration-ms="16" status="PASS">
          <reporter-output>
          </reporter-output>
        </test-method> <!-- test1 -->
        <test-method is-config="true" signature="teardown()[pri:0, instance:testPackage.testLogin@72d1ad2e]" started-at="2022-08-24T19:47:52 EDT" name="teardown" finished-at="2022-08-24T19:47:52 EDT" duration-ms="14" status="PASS">
          <reporter-output>
          </reporter-output>
        </test-method> <!-- teardown -->
        <test-method signature="test2()[pri:0, instance:testPackage.testLogin@72d1ad2e]" started-at="2022-08-24T19:47:52 EDT" name="test2" finished-at="2022-08-24T19:47:52 EDT" duration-ms="1" status="PASS">
          <reporter-output>
          </reporter-output>
        </test-method> <!-- test2 -->
        <test-method is-config="true" signature="teardown()[pri:0, instance:testPackage.testLogin@72d1ad2e]" started-at="2022-08-24T19:47:52 EDT" name="teardown" finished-at="2022-08-24T19:47:52 EDT" duration-ms="0" status="PASS">
          <reporter-output>
          </reporter-output>
        </test-method> <!-- teardown -->
        <test-method signature="testGoogle()[pri:0, instance:testPackage.testLogin@72d1ad2e]" started-at="2022-08-24T19:47:52 EDT" name="testGoogle" finished-at="2022-08-24T19:47:55 EDT" duration-ms="2403" status="PASS">
          <reporter-output>
          </reporter-output>
        </test-method> <!-- testGoogle -->
        <test-method is-config="true" signature="teardown()[pri:0, instance:testPackage.testLogin@72d1ad2e]" started-at="2022-08-24T19:47:55 EDT" name="teardown" finished-at="2022-08-24T19:47:55 EDT" duration-ms="108" status="PASS">
          <reporter-output>
          </reporter-output>
        </test-method> <!-- teardown -->
      </class> <!-- testPackage.testLogin -->
    </test> <!-- RetryMulitple -->
  </suite> <!-- RetryFailedTests -->
</testng-results>
