<?xml version="1.0" encoding="UTF-8"?>
<!-- Generated by org.testng.reporters.JUnitXMLReporter -->
<testsuite ignored="0" hostname="testengineer" failures="0" tests="5" name="RetryMulitple" time="3.296" errors="0" timestamp="2022-08-24T19:35:23 EDT">
  <testcase classname="testPackage.testLogin" name="test1" time="0.027">
    <skipped/>
  </testcase> <!-- test1 -->
  <testcase classname="testPackage.testLogin" name="test1" time="0.001"/>
  <testcase classname="testPackage.testLogin" name="test2" time="0.0">
    <skipped/>
  </testcase> <!-- test2 -->
  <testcase classname="testPackage.testLogin" name="test2" time="0.0"/>
  <testcase classname="testPackage.testLogin" name="testGoogle" time="3.102"/>
</testsuite> <!-- RetryMulitple -->
