<?xml version="1.0" encoding="UTF-8"?>
<!-- Generated by org.testng.reporters.JUnitXMLReporter -->
<testsuite ignored="0" hostname="testengineer" failures="0" tests="3" name="RetryMulitple" time="2.601" errors="0" timestamp="2022-08-24T19:47:55 EDT">
  <testcase classname="testPackage.testLogin" name="test1" time="0.016"/>
  <testcase classname="testPackage.testLogin" name="test2" time="0.001"/>
  <testcase classname="testPackage.testLogin" name="testGoogle" time="2.403"/>
</testsuite> <!-- RetryMulitple -->
